# JRE version: OpenJDK Runtime Environment (9.0) (build 9-Ubuntu+0-9b181-4)
# Java VM: OpenJDK 64-Bit Server VM (9-Ubuntu+0-9b181-4, mixed mode, tiered, compressed oops, g1 gc, linux-amd64)
Heap:
 garbage-first heap   total 450560K, used 84378K [0x00000000cac00000, 0x00000000cad00dc0, 0x0000000100000000)
  region size 1024K, 2 young (2048K), 2 survivors (2048K)
 Metaspace       used 13801K, capacity 14238K, committed 14336K, reserved 1062912K
  class space    used 1355K, capacity 1461K, committed 1536K, reserved 1048576K
GC Heap History (10 events):
Event: 48.254 GC heap after
{Heap after GC invocations=18 (full 0):
 garbage-first heap   total 88064K, used 56727K [0x00000000cac00000, 0x00000000cad002b0, 0x0000000100000000)
  region size 1024K, 2 young (2048K), 2 survivors (2048K)
 Metaspace       used 13761K, capacity 14238K, committed 14336K, reserved 1062912K
  class space    used 1355K, capacity 1461K, committed 1536K, reserved 1048576K
}
Event: 48.390 GC heap before
{Heap before GC invocations=19 (full 0):
 garbage-first heap   total 88064K, used 65943K [0x00000000cac00000, 0x00000000cad002b0, 0x0000000100000000)
  region size 1024K, 11 young (11264K), 2 survivors (2048K)
 Metaspace       used 13769K, capacity 14238K, committed 14336K, reserved 1062912K
  class space    used 1355K, capacity 1461K, committed 1536K, reserved 1048576K
}
Event: 48.425 GC heap after
{Heap after GC invocations=20 (full 0):
 garbage-first heap   total 167936K, used 61022K [0x00000000cac00000, 0x00000000cad00520, 0x0000000100000000)
  region size 1024K, 2 young (2048K), 2 survivors (2048K)
 Metaspace       used 13769K, capacity 14238K, committed 14336K, reserved 1062912K
  class space    used 1355K, capacity 1461K, committed 1536K, reserved 1048576K
}
Event: 49.296 GC heap before
{Heap before GC invocations=20 (full 0):
 garbage-first heap   total 167936K, used 90718K [0x00000000cac00000, 0x00000000cad00520, 0x0000000100000000)
  region size 1024K, 31 young (31744K), 2 survivors (2048K)
 Metaspace       used 13797K, capacity 14238K, committed 14336K, reserved 1062912K
  class space    used 1355K, capacity 1461K, committed 1536K, reserved 1048576K
}
Event: 50.387 GC heap after
{Heap after GC invocations=21 (full 0):
 garbage-first heap   total 167936K, used 73097K [0x00000000cac00000, 0x00000000cad00520, 0x0000000100000000)
  region size 1024K, 4 young (4096K), 4 survivors (4096K)
 Metaspace       used 13797K, capacity 14238K, committed 14336K, reserved 1062912K
  class space    used 1355K, capacity 1461K, committed 1536K, reserved 1048576K
}
Event: 50.472 GC heap before
{Heap before GC invocations=21 (full 0):
 garbage-first heap   total 167936K, used 81289K [0x00000000cac00000, 0x00000000cad00520, 0x0000000100000000)
  region size 1024K, 12 young (12288K), 4 survivors (4096K)
 Metaspace       used 13798K, capacity 14238K, committed 14336K, reserved 1062912K
  class space    used 1355K, capacity 1461K, committed 1536K, reserved 1048576K
}
Event: 51.280 GC heap after
{Heap after GC invocations=22 (full 0):
 garbage-first heap   total 167936K, used 77824K [0x00000000cac00000, 0x00000000cad00520, 0x0000000100000000)
  region size 1024K, 2 young (2048K), 2 survivors (2048K)
 Metaspace       used 13798K, capacity 14238K, committed 14336K, reserved 1062912K
  class space    used 1355K, capacity 1461K, committed 1536K, reserved 1048576K
}
Event: 51.393 GC heap before
{Heap before GC invocations=22 (full 0):
 garbage-first heap   total 167936K, used 83968K [0x00000000cac00000, 0x00000000cad00520, 0x0000000100000000)
  region size 1024K, 8 young (8192K), 2 survivors (2048K)
 Metaspace       used 13799K, capacity 14238K, committed 14336K, reserved 1062912K
  class space    used 1355K, capacity 1461K, committed 1536K, reserved 1048576K
}
Event: 51.417 GC heap after
{Heap after GC invocations=23 (full 0):
 garbage-first heap   total 167936K, used 80532K [0x00000000cac00000, 0x00000000cad00520, 0x0000000100000000)
  region size 1024K, 1 young (1024K), 1 survivors (1024K)
 Metaspace       used 13799K, capacity 14238K, committed 14336K, reserved 1062912K
  class space    used 1355K, capacity 1461K, committed 1536K, reserved 1048576K
}
Event: 51.544 GC heap before
{Heap before GC invocations=23 (full 0):
 garbage-first heap   total 167936K, used 88724K [0x00000000cac00000, 0x00000000cad00520, 0x0000000100000000)
  region size 1024K, 9 young (9216K), 1 survivors (1024K)
 Metaspace       used 13801K, capacity 14238K, committed 14336K, reserved 1062912K
  class space    used 1355K, capacity 1461K, committed 1536K, reserved 1048576K
}

